Ansys Lumerical 2021 R2.2 Variational FDTD Solver Version 7.18.2806 (Windows 64bit)
 expires (month/day/year): 11/1/2021
using config file: C:/Users/Jonathan/AppData/Roaming/Lumerical/License.ini
license host: DESKTOP-RF3USO3
current time: Sat Oct 2 17:00:34 2021
Running on host: DESKTOP-RF3USO3
All processes are communicating and ready to proceed to simulation...
Running lms file: C:\Program Files\Lumerical\v212\bin\varfdtd-engine-msmpi.exe -t 1 -remote C:/Users/Jonathan/Desktop/Arrayed waveguide grating (AWG)/Arrayed_waveguide_grating_coupler_study.lms
Starting meshing
Simulation size in gridpoints: 1 x 49 x 1
Refined 0 mesh cells (0%)
Completed meshing!
Meshing complete in 0 seconds of CPU time
Starting meshing
Simulation size in gridpoints: 1 x 49 x 1
Refined 0 mesh cells (0%)
Completed meshing!
Meshing complete in 0 seconds of CPU time
Starting meshing
Simulation size in gridpoints: 1 x 49 x 1
Refined 0 mesh cells (0%)
Completed meshing!
Meshing complete in 0 seconds of CPU time
number of processors is 4
processors are distributed as: 1x4x1
Running TE Simulation
Starting meshing
Simulation size in gridpoints: 149 x 589 x 1
Refined 0 mesh cells (0%)
Completed meshing!
Meshing complete in 0.21875 seconds of CPU time
35328 35328
Starting meshing
Simulation size in gridpoints: 149 x 589 x 1
Refined 0 mesh cells (0%)
Completed meshing!
Meshing complete in 0.1875 seconds of CPU time
25904 25904
finished material properties
Selected kernel with optimization level: 0 and split-field propagation direction: 0
-----------------------------------------
Beginning initialization of TE Simulation
Starting to add sources to simulation
Adding TE Mode Source propagating in X
Starting to add boundary conditions to simulation
Adding TE PML BC
Adding TE PML BC
Adding TE PML BC
Adding TE parallel BC
Starting to add monitors to Simulation
Adding analysis monitor
Adding TE DFT monitor
Finished initialization of TE Simulation
-----------------------------------------
All processes are communicating and ready to proceed to simulation...
Starting 19961 total iterations
0% complete. Max time remaining: 52 secs. Auto Shutoff: 1
1% complete. Max time remaining: 44 secs. Auto Shutoff: 1
2% complete. Max time remaining: 43 secs. Auto Shutoff: 1
5% complete. Max time remaining: 40 secs. Auto Shutoff: 1
8% complete. Max time remaining: 41 secs. Auto Shutoff: 1
10% complete. Max time remaining: 44 secs. Auto Shutoff: 1
13% complete. Max time remaining: 47 secs. Auto Shutoff: 0.00808226
15% complete. Max time remaining: 45 secs. Auto Shutoff: 0.00182909
18% complete. Max time remaining: 43 secs. Auto Shutoff: 0.000827492
20% complete. Max time remaining: 41 secs. Auto Shutoff: 0.000448984
23% complete. Max time remaining: 39 secs. Auto Shutoff: 0.000274998
26% complete. Max time remaining: 37 secs. Auto Shutoff: 0.000177727
28% complete. Max time remaining: 36 secs. Auto Shutoff: 0.000122766
31% complete. Max time remaining: 34 secs. Auto Shutoff: 8.84741e-05
33% complete. Max time remaining: 33 secs. Auto Shutoff: 6.59374e-05
36% complete. Max time remaining: 32 secs. Auto Shutoff: 5.04933e-05
38% complete. Max time remaining: 30 secs. Auto Shutoff: 2.66389e-05
39% complete. Max time remaining: 30 secs. Auto Shutoff: 7.89118e-06
Early termination of simulation, the autoshutoff criteria are satisfied.
Completed 7798 iterations, or 7.81322e-13s of Simulation Time
Process 0 starting to collect data
    collecting monitor data
    collecting source data
Finished collecting data
87761

7798

19.1137

Simulation completed successfully at: Sat Oct 2 17:00:55 2021
Overall wall time measurements in seconds: 23.2145
    time to mesh and initialize: 0.507278
    time to run FDTD simulation: 19.1137
    time to finalize data and save to files: 0.0165658
    miscellaneous time: 3.57691
    FDTD solver speed on process 0: 35.8046 Mnodes/s
    total FDTD solver speed on 4 processes: 143.218 Mnodes/s
